<?xml version="1.0" encoding="UTF-8"?>
<testng-results ignored="0" total="1" passed="1" failed="0" skipped="0">
  <reporter-output>
  </reporter-output>
  <suite started-at="2018-10-13T17:04:15Z" name="Default suite" finished-at="2018-10-13T17:04:38Z" duration-ms="23188">
    <groups>
    </groups>
    <test started-at="2018-10-13T17:04:15Z" name="Default test" finished-at="2018-10-13T17:04:38Z" duration-ms="23188">
      <class name="Telecom.AddCustomer">
        <test-method signature="AddCustomer()[pri:0, instance:Telecom.AddCustomer@77dba4cd]" started-at="2018-10-13T17:04:15Z" name="AddCustomer" finished-at="2018-10-13T17:04:38Z" duration-ms="23103" status="PASS">
          <reporter-output>
          </reporter-output>
        </test-method> <!-- AddCustomer -->
      </class> <!-- Telecom.AddCustomer -->
    </test> <!-- Default test -->
  </suite> <!-- Default suite -->
</testng-results>
